0 info it worked if it ends with ok
1 verbose cli [ '/home/marcin/Projects/kotlin-academy/web/.gradle/nodejs/node-v6.9.1-linux-x64/bin/node',
1 verbose cli   '/home/marcin/Projects/kotlin-academy/web/.gradle/nodejs/node-v6.9.1-linux-x64/bin/npm',
1 verbose cli   'run',
1 verbose cli   'serve' ]
2 info using npm@3.10.8
3 info using node@v6.9.1
4 verbose run-script [ 'preserve', 'serve', 'postserve' ]
5 info lifecycle @~preserve: @
6 silly lifecycle @~preserve: no script for preserve, continuing
7 info lifecycle @~serve: @
8 verbose lifecycle @~serve: unsafe-perm in lifecycle true
9 verbose lifecycle @~serve: PATH: /home/marcin/Projects/kotlin-academy/web/.gradle/nodejs/node-v6.9.1-linux-x64/lib/node_modules/npm/bin/node-gyp-bin:/home/marcin/Projects/kotlin-academy/web/node_modules/.bin:/home/marcin/Projects/kotlin-academy/web/.gradle/nodejs/node-v6.9.1-linux-x64/bin:/home/marcin/Projects/kotlin-academy/web/.gradle/nodejs/node-v6.9.1-linux-x64/bin:/usr/local/sbin:/usr/local/bin:/usr/sbin:/usr/bin:/sbin:/bin:/usr/games:/usr/local/games:/snap/bin:/usr/lib/jvm/java-7-oracle/bin:/usr/lib/jvm/java-7-oracle/db/bin:/usr/lib/jvm/java-7-oracle/jre/bin:/usr/lib/jvm/java-7-oracle/bin:/usr/lib/jvm/java-7-oracle/db/bin:/usr/lib/jvm/java-7-oracle/jre/bin:/usr/local/share/spark/spark-2.0.2/bin/:/usr/lib/jvm/java-8-oracle:/home/marcin/Android/Sdk/tools:/usr/local/share/spark/spark-2.0.2/bin/:/usr/lib/jvm/java-8-oracle:/home/marcin/Android/Sdk/tools
10 verbose lifecycle @~serve: CWD: /home/marcin/Projects/kotlin-academy/web
11 silly lifecycle @~serve: Args: [ '-c', 'run-p gradleBuild devServer' ]
12 silly lifecycle @~serve: Returned: code: 1  signal: null
13 info lifecycle @~serve: Failed to exec serve script
14 verbose stack Error: @ serve: `run-p gradleBuild devServer`
14 verbose stack Exit status 1
14 verbose stack     at EventEmitter.<anonymous> (/home/marcin/Projects/kotlin-academy/web/.gradle/nodejs/node-v6.9.1-linux-x64/lib/node_modules/npm/lib/utils/lifecycle.js:255:16)
14 verbose stack     at emitTwo (events.js:106:13)
14 verbose stack     at EventEmitter.emit (events.js:191:7)
14 verbose stack     at ChildProcess.<anonymous> (/home/marcin/Projects/kotlin-academy/web/.gradle/nodejs/node-v6.9.1-linux-x64/lib/node_modules/npm/lib/utils/spawn.js:40:14)
14 verbose stack     at emitTwo (events.js:106:13)
14 verbose stack     at ChildProcess.emit (events.js:191:7)
14 verbose stack     at maybeClose (internal/child_process.js:877:16)
14 verbose stack     at Process.ChildProcess._handle.onexit (internal/child_process.js:226:5)
15 verbose pkgid @
16 verbose cwd /home/marcin/Projects/kotlin-academy/web
17 error Linux 4.10.0-38-generic
18 error argv "/home/marcin/Projects/kotlin-academy/web/.gradle/nodejs/node-v6.9.1-linux-x64/bin/node" "/home/marcin/Projects/kotlin-academy/web/.gradle/nodejs/node-v6.9.1-linux-x64/bin/npm" "run" "serve"
19 error node v6.9.1
20 error npm  v3.10.8
21 error code ELIFECYCLE
22 error @ serve: `run-p gradleBuild devServer`
22 error Exit status 1
23 error Failed at the @ serve script 'run-p gradleBuild devServer'.
23 error Make sure you have the latest version of node.js and npm installed.
23 error If you do, this is most likely a problem with the  package,
23 error not with npm itself.
23 error Tell the author that this fails on your system:
23 error     run-p gradleBuild devServer
23 error You can get information on how to open an issue for this project with:
23 error     npm bugs
23 error Or if that isn't available, you can get their info via:
23 error     npm owner ls
23 error There is likely additional logging output above.
24 verbose exit [ 1, true ]
